<?xml version="1.0" encoding="UTF-8"?>
<testsuite name="Std" tests="2" skipped="0" failures="0" errors="0" timestamp="2017-12-15T03:00:02" hostname="Inspiron-5468" time="0.489">
  <properties/>
  <testcase name="response" classname="Std" time="0.356"/>
  <testcase name="test" classname="Std" time="0.132"/>
  <system-out><![CDATA[StandardJSON MESSAGE = {"MHDLEN":{},"MHDMTY":{},"MHDMID":{},"MHDSEQ":{},"MHDMBE":{},"MHDMT1":{},"MHDMT2":{},"MHDFLP":{},"MHDPID":{},"MHDSRV":{},"MHDSGN":{},"MAHSSY":{},"MAHSCY":{},"MAHTSY":{},"MAHTCY":{},"MAHAPC":{},"MAHATC":{},"MAHATY":{},"MAHQTI":{},"MAHQTT":{},"MAHQUI":{},"MAHQDT":{},"MAHQTM":{},"MAHQSQ":{},"MAHOTI":{},"MAHOTT":{},"MAHOUI":{},"MAHODT":{},"MAHOTM":{},"MAHOSQ":{},"MAHREF":{},"MAHCCT":{},"MAHBCH":{},"MAHRDT":{},"MAHRTM":{},"MAHRAC":{},"MAHRSS":{},"MAHRCD":{},"MAHRDS":{},"MAHDTA":{},"MAHRRN":{},"MAHRFL":{},"MAHRKY":{},"CRCSNO":{},"CRACNO":{},"CRACNN":{},"CRANM1":{},"CRANM2":{},"CRCRNO":{},"CRMCUR":{},"CRACTY":{},"CRSDAT":{},"CREDAT":{},"CRFILL":{},"CMCENN":{},"CMCTRN":{},"CRAPDT":{},"CMSGCD":{},"CMAMGR":{},"CMINSD":{},"CMBENE":{},"CMMAIL":{},"CMCLAS":{},"CMANMA":{},"CMFILL":{},"CZBCST":{},"CZBOST":{},"CZBTYP":{},"CZBNUM":{},"CZBCUR":{},"CZBPDT":{},"CZBPRV":{},"CZBCML":{},"CZBLMT":{},"CZBAVL":{},"CZBAVS":{},"CZBCBL":{},"CZBCBS":{},"CZBHDB":{},"CZBCLG":{},"CZBOP8":{},"CZBFN8":{},"CZBXP8":{},"CZBEN8":{},"FILLER":{}}
4040
*TX

E
1211
1112
AAAAAAAAAAAAAAAAAAAAAAAAAAAAAAAAAAAAAAAAAAAAAAAAAAAAAAAAAAAAAAAA
SSSSSSSSSSSSSSSS
BBBBBBBBBBBBBBBBBBBBBBBBBBBBBBBB
AAAAA
SG
AAAAA
SG
CR
R0511
I
1111111111111111111111111
API
TEST
12122016
121212
00000000001
192.168.1.90
PC
KEVIN
22062017
153712
00000000001
11111111111111111111111111111111
00000
00000
22062017
153830
00000000000
AA
0000
00001
N
0000000000000000000
0000000000000011111
11111111111111111111111111111111111
11111111111111111111111111111111111
11111111111111111111111111111111111
0000000
SGD
A
22062017
22062017
00
00000
AAAAAAAAA
AAAAAAAAA
AAAAAAAAAA

A
A
A
A
A
A
A
0000000
SGD
AAAAAAAAA
000000000000000000000
000000000000000000000
000000000000000000000
000000000000000000000
S
000000000000000000000
+
000000000000000000000
000000000000000000000
00000000
00000000
00000000
00000000
AAAAAAAAAAA
StandardTRANSFORMED = com.sess.tx.msg.impl.MsgStd[Format=SFLHDR]
]]></system-out>
  <system-err><![CDATA[]]></system-err>
</testsuite>
